<?xml version="1.0" encoding="UTF-8"?>
<testsuite xmlns:xsi="http://www.w3.org/2001/XMLSchema-instance" xsi:noNamespaceSchemaLocation="https://maven.apache.org/surefire/maven-surefire-plugin/xsd/surefire-test-report.xsd" version="3.0.2" name="com.gothenburg.tax.service.TollFreeDateServiceTest" time="0.023" tests="8" errors="0" skipped="0" failures="0">
  <properties>
[...]
</properties>
  <testcase name="saturday" classname="com.gothenburg.tax.service.TollFreeDateServiceTest" time="0.004">
    <system-out><![CDATA[2026-02-11T11:21:30.665+01:00  INFO 80844 --- [           main] c.gothenburg.tax.config.TaxRuleLoader    : Loaded tax rules for city: gothenburg
2026-02-11T11:21:30.665+01:00  INFO 80844 --- [           main] c.gothenburg.tax.config.TaxRuleLoader    : Loaded tax rules for 1 city/cities: [gothenburg]
]]></system-out>
  </testcase>
  <testcase name="dayBeforeMaundyThursday" classname="com.gothenburg.tax.service.TollFreeDateServiceTest" time="0.003">
    <system-out><![CDATA[2026-02-11T11:21:30.668+01:00  INFO 80844 --- [           main] c.gothenburg.tax.config.TaxRuleLoader    : Loaded tax rules for city: gothenburg
2026-02-11T11:21:30.669+01:00  INFO 80844 --- [           main] c.gothenburg.tax.config.TaxRuleLoader    : Loaded tax rules for 1 city/cities: [gothenburg]
]]></system-out>
  </testcase>
  <testcase name="monday" classname="com.gothenburg.tax.service.TollFreeDateServiceTest" time="0.003">
    <system-out><![CDATA[2026-02-11T11:21:30.671+01:00  INFO 80844 --- [           main] c.gothenburg.tax.config.TaxRuleLoader    : Loaded tax rules for city: gothenburg
2026-02-11T11:21:30.671+01:00  INFO 80844 --- [           main] c.gothenburg.tax.config.TaxRuleLoader    : Loaded tax rules for 1 city/cities: [gothenburg]
]]></system-out>
  </testcase>
  <testcase name="sunday" classname="com.gothenburg.tax.service.TollFreeDateServiceTest" time="0.003">
    <system-out><![CDATA[2026-02-11T11:21:30.674+01:00  INFO 80844 --- [           main] c.gothenburg.tax.config.TaxRuleLoader    : Loaded tax rules for city: gothenburg
2026-02-11T11:21:30.674+01:00  INFO 80844 --- [           main] c.gothenburg.tax.config.TaxRuleLoader    : Loaded tax rules for 1 city/cities: [gothenburg]
]]></system-out>
  </testcase>
  <testcase name="newYearsDay" classname="com.gothenburg.tax.service.TollFreeDateServiceTest" time="0.002">
    <system-out><![CDATA[2026-02-11T11:21:30.677+01:00  INFO 80844 --- [           main] c.gothenburg.tax.config.TaxRuleLoader    : Loaded tax rules for city: gothenburg
2026-02-11T11:21:30.677+01:00  INFO 80844 --- [           main] c.gothenburg.tax.config.TaxRuleLoader    : Loaded tax rules for 1 city/cities: [gothenburg]
]]></system-out>
  </testcase>
  <testcase name="newYearsEve" classname="com.gothenburg.tax.service.TollFreeDateServiceTest" time="0.002">
    <system-out><![CDATA[2026-02-11T11:21:30.679+01:00  INFO 80844 --- [           main] c.gothenburg.tax.config.TaxRuleLoader    : Loaded tax rules for city: gothenburg
2026-02-11T11:21:30.680+01:00  INFO 80844 --- [           main] c.gothenburg.tax.config.TaxRuleLoader    : Loaded tax rules for 1 city/cities: [gothenburg]
]]></system-out>
  </testcase>
  <testcase name="regularWeekday" classname="com.gothenburg.tax.service.TollFreeDateServiceTest" time="0.003">
    <system-out><![CDATA[2026-02-11T11:21:30.682+01:00  INFO 80844 --- [           main] c.gothenburg.tax.config.TaxRuleLoader    : Loaded tax rules for city: gothenburg
2026-02-11T11:21:30.682+01:00  INFO 80844 --- [           main] c.gothenburg.tax.config.TaxRuleLoader    : Loaded tax rules for 1 city/cities: [gothenburg]
]]></system-out>
  </testcase>
  <testcase name="july" classname="com.gothenburg.tax.service.TollFreeDateServiceTest" time="0.001">
    <system-out><![CDATA[2026-02-11T11:21:30.684+01:00  INFO 80844 --- [           main] c.gothenburg.tax.config.TaxRuleLoader    : Loaded tax rules for city: gothenburg
2026-02-11T11:21:30.684+01:00  INFO 80844 --- [           main] c.gothenburg.tax.config.TaxRuleLoader    : Loaded tax rules for 1 city/cities: [gothenburg]
]]></system-out>
  </testcase>
</testsuite>