<?xml version="1.0" encoding="UTF-8"?>
<testsuite xmlns:xsi="http://www.w3.org/2001/XMLSchema-instance" xsi:noNamespaceSchemaLocation="https://maven.apache.org/surefire/maven-surefire-plugin/xsd/surefire-test-report.xsd" version="3.0.2" name="com.gothenburg.tax.service.CongestionTaxCalculatorTest" time="0.046" tests="0" errors="0" skipped="0" failures="0">
  <properties>
[...]
</properties>
  <testcase name="bus" classname="Toll-free vehicle types" time="0.002">
    <system-out><![CDATA[2026-02-11T11:21:30.687+01:00  INFO 80844 --- [           main] c.gothenburg.tax.config.TaxRuleLoader    : Loaded tax rules for city: gothenburg
2026-02-11T11:21:30.688+01:00  INFO 80844 --- [           main] c.gothenburg.tax.config.TaxRuleLoader    : Loaded tax rules for 1 city/cities: [gothenburg]
]]></system-out>
  </testcase>
  <testcase name="motorcycle" classname="Toll-free vehicle types" time="0.002">
    <system-out><![CDATA[2026-02-11T11:21:30.690+01:00  INFO 80844 --- [           main] c.gothenburg.tax.config.TaxRuleLoader    : Loaded tax rules for city: gothenburg
2026-02-11T11:21:30.691+01:00  INFO 80844 --- [           main] c.gothenburg.tax.config.TaxRuleLoader    : Loaded tax rules for 1 city/cities: [gothenburg]
]]></system-out>
  </testcase>
  <testcase name="emergencyVehicle" classname="Toll-free vehicle types" time="0.002">
    <system-out><![CDATA[2026-02-11T11:21:30.692+01:00  INFO 80844 --- [           main] c.gothenburg.tax.config.TaxRuleLoader    : Loaded tax rules for city: gothenburg
2026-02-11T11:21:30.693+01:00  INFO 80844 --- [           main] c.gothenburg.tax.config.TaxRuleLoader    : Loaded tax rules for 1 city/cities: [gothenburg]
]]></system-out>
  </testcase>
  <testcase name="twoPassagesWithin60Min" classname="Single charge rule (60-minute window)" time="0.002">
    <system-out><![CDATA[2026-02-11T11:21:30.695+01:00  INFO 80844 --- [           main] c.gothenburg.tax.config.TaxRuleLoader    : Loaded tax rules for city: gothenburg
2026-02-11T11:21:30.695+01:00  INFO 80844 --- [           main] c.gothenburg.tax.config.TaxRuleLoader    : Loaded tax rules for 1 city/cities: [gothenburg]
]]></system-out>
  </testcase>
  <testcase name="threePassagesWithin60Min" classname="Single charge rule (60-minute window)" time="0.003">
    <system-out><![CDATA[2026-02-11T11:21:30.698+01:00  INFO 80844 --- [           main] c.gothenburg.tax.config.TaxRuleLoader    : Loaded tax rules for city: gothenburg
2026-02-11T11:21:30.698+01:00  INFO 80844 --- [           main] c.gothenburg.tax.config.TaxRuleLoader    : Loaded tax rules for 1 city/cities: [gothenburg]
]]></system-out>
  </testcase>
  <testcase name="passagesOver60MinApart" classname="Single charge rule (60-minute window)" time="0.002">
    <system-out><![CDATA[2026-02-11T11:21:30.701+01:00  INFO 80844 --- [           main] c.gothenburg.tax.config.TaxRuleLoader    : Loaded tax rules for city: gothenburg
2026-02-11T11:21:30.701+01:00  INFO 80844 --- [           main] c.gothenburg.tax.config.TaxRuleLoader    : Loaded tax rules for 1 city/cities: [gothenburg]
]]></system-out>
  </testcase>
  <testcase name="fullPostItScenario" classname="Post-it test dates from assignment" time="0.007">
    <failure message="expected: &lt;52&gt; but was: &lt;60&gt;" type="org.opentest4j.AssertionFailedError"><![CDATA[org.opentest4j.AssertionFailedError: expected: <52> but was: <60>
	at org.junit.jupiter.api.AssertionFailureBuilder.build(AssertionFailureBuilder.java:158)
	at org.junit.jupiter.api.AssertionFailureBuilder.buildAndThrow(AssertionFailureBuilder.java:139)
	at org.junit.jupiter.api.AssertEquals.failNotEqual(AssertEquals.java:201)
	at org.junit.jupiter.api.AssertEquals.assertEquals(AssertEquals.java:184)
	at org.junit.jupiter.api.AssertEquals.assertEquals(AssertEquals.java:179)
	at org.junit.jupiter.api.Assertions.assertEquals(Assertions.java:565)
	at com.gothenburg.tax.service.CongestionTaxCalculatorTest$PostItDates.fullPostItScenario(CongestionTaxCalculatorTest.java:303)
]]></failure>
    <system-out><![CDATA[2026-02-11T11:21:30.704+01:00  INFO 80844 --- [           main] c.gothenburg.tax.config.TaxRuleLoader    : Loaded tax rules for city: gothenburg
2026-02-11T11:21:30.704+01:00  INFO 80844 --- [           main] c.gothenburg.tax.config.TaxRuleLoader    : Loaded tax rules for 1 city/cities: [gothenburg]
]]></system-out>
  </testcase>
  <testcase name="dailyCap" classname="Daily cap" time="0.002">
    <system-out><![CDATA[2026-02-11T11:21:30.712+01:00  INFO 80844 --- [           main] c.gothenburg.tax.config.TaxRuleLoader    : Loaded tax rules for city: gothenburg
2026-02-11T11:21:30.712+01:00  INFO 80844 --- [           main] c.gothenburg.tax.config.TaxRuleLoader    : Loaded tax rules for 1 city/cities: [gothenburg]
]]></system-out>
  </testcase>
  <testcase name="earlyMorning" classname="Time-based fee lookup" time="0.002">
    <system-out><![CDATA[2026-02-11T11:21:30.715+01:00  INFO 80844 --- [           main] c.gothenburg.tax.config.TaxRuleLoader    : Loaded tax rules for city: gothenburg
2026-02-11T11:21:30.716+01:00  INFO 80844 --- [           main] c.gothenburg.tax.config.TaxRuleLoader    : Loaded tax rules for 1 city/cities: [gothenburg]
]]></system-out>
  </testcase>
  <testcase name="afternoonPeak" classname="Time-based fee lookup" time="0.002">
    <system-out><![CDATA[2026-02-11T11:21:30.717+01:00  INFO 80844 --- [           main] c.gothenburg.tax.config.TaxRuleLoader    : Loaded tax rules for city: gothenburg
2026-02-11T11:21:30.717+01:00  INFO 80844 --- [           main] c.gothenburg.tax.config.TaxRuleLoader    : Loaded tax rules for 1 city/cities: [gothenburg]
]]></system-out>
  </testcase>
  <testcase name="nightTime" classname="Time-based fee lookup" time="0.002">
    <system-out><![CDATA[2026-02-11T11:21:30.719+01:00  INFO 80844 --- [           main] c.gothenburg.tax.config.TaxRuleLoader    : Loaded tax rules for city: gothenburg
2026-02-11T11:21:30.719+01:00  INFO 80844 --- [           main] c.gothenburg.tax.config.TaxRuleLoader    : Loaded tax rules for 1 city/cities: [gothenburg]
]]></system-out>
  </testcase>
  <testcase name="morningPeak" classname="Time-based fee lookup" time="0.002">
    <system-out><![CDATA[2026-02-11T11:21:30.721+01:00  INFO 80844 --- [           main] c.gothenburg.tax.config.TaxRuleLoader    : Loaded tax rules for city: gothenburg
2026-02-11T11:21:30.722+01:00  INFO 80844 --- [           main] c.gothenburg.tax.config.TaxRuleLoader    : Loaded tax rules for 1 city/cities: [gothenburg]
]]></system-out>
  </testcase>
  <testcase name="publicHoliday" classname="Toll-free dates" time="0.002">
    <system-out><![CDATA[2026-02-11T11:21:30.724+01:00  INFO 80844 --- [           main] c.gothenburg.tax.config.TaxRuleLoader    : Loaded tax rules for city: gothenburg
2026-02-11T11:21:30.724+01:00  INFO 80844 --- [           main] c.gothenburg.tax.config.TaxRuleLoader    : Loaded tax rules for 1 city/cities: [gothenburg]
]]></system-out>
  </testcase>
  <testcase name="july" classname="Toll-free dates" time="0.002">
    <system-out><![CDATA[2026-02-11T11:21:30.727+01:00  INFO 80844 --- [           main] c.gothenburg.tax.config.TaxRuleLoader    : Loaded tax rules for city: gothenburg
2026-02-11T11:21:30.727+01:00  INFO 80844 --- [           main] c.gothenburg.tax.config.TaxRuleLoader    : Loaded tax rules for 1 city/cities: [gothenburg]
]]></system-out>
  </testcase>
  <testcase name="weekend" classname="Toll-free dates" time="0.002">
    <system-out><![CDATA[2026-02-11T11:21:30.729+01:00  INFO 80844 --- [           main] c.gothenburg.tax.config.TaxRuleLoader    : Loaded tax rules for city: gothenburg
2026-02-11T11:21:30.729+01:00  INFO 80844 --- [           main] c.gothenburg.tax.config.TaxRuleLoader    : Loaded tax rules for 1 city/cities: [gothenburg]
]]></system-out>
  </testcase>
  <testcase name="dayBeforeHoliday" classname="Toll-free dates" time="0.002">
    <system-out><![CDATA[2026-02-11T11:21:30.730+01:00  INFO 80844 --- [           main] c.gothenburg.tax.config.TaxRuleLoader    : Loaded tax rules for city: gothenburg
2026-02-11T11:21:30.730+01:00  INFO 80844 --- [           main] c.gothenburg.tax.config.TaxRuleLoader    : Loaded tax rules for 1 city/cities: [gothenburg]
]]></system-out>
  </testcase>
</testsuite>